行 171: 控件 FlashLoad2 的类 ShockwaveFlashObjectsCtl.ShockwaveFlash 不是一个已加载的控件类。
行 204: 控件 FlashLoad 的类 ShockwaveFlashObjectsCtl.ShockwaveFlash 不是一个已加载的控件类。
行 178: 属性名 _cx 在 FlashLoad2 中是无效的。
行 179: 属性名 _cy 在 FlashLoad2 中是无效的。
行 180: 属性名 FlashVars 在 FlashLoad2 中是无效的。
行 181: 属性名 Movie 在 FlashLoad2 中是无效的。
行 182: 属性名 Src 在 FlashLoad2 中是无效的。
行 183: 属性名 WMode 在 FlashLoad2 中是无效的。
行 184: 属性名 Play 在 FlashLoad2 中是无效的。
行 185: 属性名 Loop 在 FlashLoad2 中是无效的。
行 186: 属性名 Quality 在 FlashLoad2 中是无效的。
行 187: 属性名 SAlign 在 FlashLoad2 中是无效的。
行 188: 属性名 Menu 在 FlashLoad2 中是无效的。
行 189: 属性名 Base 在 FlashLoad2 中是无效的。
行 190: 属性名 AllowScriptAccess 在 FlashLoad2 中是无效的。
行 191: 属性名 Scale 在 FlashLoad2 中是无效的。
行 192: 属性名 DeviceFont 在 FlashLoad2 中是无效的。
行 193: 属性名 EmbedMovie 在 FlashLoad2 中是无效的。
行 194: 属性名 BGColor 在 FlashLoad2 中是无效的。
行 195: 属性名 SWRemote 在 FlashLoad2 中是无效的。
行 196: 属性名 MovieData 在 FlashLoad2 中是无效的。
行 197: 属性名 SeamlessTabbing 在 FlashLoad2 中是无效的。
行 198: 属性名 Profile 在 FlashLoad2 中是无效的。
行 199: 属性名 ProfileAddress 在 FlashLoad2 中是无效的。
行 200: 属性名 ProfilePort 在 FlashLoad2 中是无效的。
行 201: 属性名 AllowNetworking 在 FlashLoad2 中是无效的。
行 202: 属性名 AllowFullScreen 在 FlashLoad2 中是无效的。
行 211: 属性名 _cx 在 FlashLoad 中是无效的。
行 212: 属性名 _cy 在 FlashLoad 中是无效的。
行 213: 属性名 FlashVars 在 FlashLoad 中是无效的。
行 214: 属性名 Movie 在 FlashLoad 中是无效的。
行 215: 属性名 Src 在 FlashLoad 中是无效的。
行 216: 属性名 WMode 在 FlashLoad 中是无效的。
行 217: 属性名 Play 在 FlashLoad 中是无效的。
行 218: 属性名 Loop 在 FlashLoad 中是无效的。
行 219: 属性名 Quality 在 FlashLoad 中是无效的。
行 220: 属性名 SAlign 在 FlashLoad 中是无效的。
行 221: 属性名 Menu 在 FlashLoad 中是无效的。
行 222: 属性名 Base 在 FlashLoad 中是无效的。
行 223: 属性名 AllowScriptAccess 在 FlashLoad 中是无效的。
行 224: 属性名 Scale 在 FlashLoad 中是无效的。
行 225: 属性名 DeviceFont 在 FlashLoad 中是无效的。
行 226: 属性名 EmbedMovie 在 FlashLoad 中是无效的。
行 227: 属性名 BGColor 在 FlashLoad 中是无效的。
行 228: 属性名 SWRemote 在 FlashLoad 中是无效的。
行 229: 属性名 MovieData 在 FlashLoad 中是无效的。
行 230: 属性名 SeamlessTabbing 在 FlashLoad 中是无效的。
行 231: 属性名 Profile 在 FlashLoad 中是无效的。
行 232: 属性名 ProfileAddress 在 FlashLoad 中是无效的。
行 233: 属性名 ProfilePort 在 FlashLoad 中是无效的。
行 234: 属性名 AllowNetworking 在 FlashLoad 中是无效的。
行 235: 属性名 AllowFullScreen 在 FlashLoad 中是无效的。
